<?xml version="1.0" encoding="UTF-8"?>
<testng-results ignored="0" total="1" passed="1" failed="0" skipped="0">
  <reporter-output>
  </reporter-output>
  <suite started-at="2020-09-26T20:16:33 IST" name="Suite" finished-at="2020-09-26T20:17:25 IST" duration-ms="51624">
    <groups>
    </groups>
    <test started-at="2020-09-26T20:16:33 IST" name="Test" finished-at="2020-09-26T20:17:25 IST" duration-ms="51624">
      <class name="testcases.FlipkartAddToCartTest">
        <test-method is-config="true" signature="init()[pri:0, instance:testcases.FlipkartAddToCartTest@33aeca0b]" started-at="2020-09-26T20:16:33 IST" name="init" finished-at="2020-09-26T20:16:54 IST" duration-ms="20462" status="PASS">
          <reporter-output>
          </reporter-output>
        </test-method> <!-- init -->
        <test-method signature="verificationOfItemsAddedToCart(java.lang.String, java.lang.String)[pri:0, instance:testcases.FlipkartAddToCartTest@33aeca0b]" started-at="2020-09-26T20:16:54 IST" name="verificationOfItemsAddedToCart" data-provider="getData" finished-at="2020-09-26T20:17:24 IST" duration-ms="30215" status="PASS">
          <params>
            <param index="0">
              <value>
                <![CDATA[English]]>
              </value>
            </param>
            <param index="1">
              <value>
                <![CDATA[Samsung]]>
              </value>
            </param>
          </params>
          <reporter-output>
          </reporter-output>
        </test-method> <!-- verificationOfItemsAddedToCart -->
        <test-method is-config="true" signature="quitDriver()[pri:0, instance:testcases.FlipkartAddToCartTest@33aeca0b]" started-at="2020-09-26T20:17:24 IST" name="quitDriver" finished-at="2020-09-26T20:17:25 IST" duration-ms="891" status="PASS">
          <reporter-output>
          </reporter-output>
        </test-method> <!-- quitDriver -->
      </class> <!-- testcases.FlipkartAddToCartTest -->
    </test> <!-- Test -->
  </suite> <!-- Suite -->
</testng-results>
